Arguments: 
  /usr/local/bin/node /usr/local/bin/yarn add dev @wulechuan/group-files-via-folder-names

PATH: 
  /Users/wulechuan/.yarn/bin:/opt/local/bin:/opt/local/sbin:/Users/wulechuan/Applications:/Applications:/usr/local/bin:/usr/bin:/bin:/usr/sbin:/sbin

Yarn version: 
  0.21.3

Node version: 
  7.2.0

Platform: 
  darwin x64

npm manifest: 
  {
    "name": "wulechuan-warm-up",
    "version": "1.0.0",
    "description": "Learning stuffs",
    "main": "index.js",
    "scripts": {
      "test": "echo \"Error: no test specified\" && exit 1"
    },
    "author": "wulechuan@live.com",
    "license": "ISC",
    "devDependencies": {
      "eslint": "^3.6.1",
      "eslint-config-standard": "^6.0.1",
      "eslint-plugin-promise": "^2.0.1",
      "eslint-plugin-react": "^6.3.0",
      "eslint-plugin-standard": "^2.0.0",
      "graceful-fs": "^4.1.4",
      "gulp": "^3.9.1",
      "gulp-batch": "^1.0.5",
      "gulp-change": "^1.0.0",
      "gulp-clean": "^0.3.2",
      "gulp-concat": "^2.6.0",
      "gulp-cssmin": "^0.1.7",
      "gulp-eslint": "^2.0.0",
      "gulp-filter": "^4.0.0",
      "gulp-group-concat": "^1.1.5",
      "gulp-htmlmin": "^2.0.0",
      "gulp-inject": "^4.1.0",
      "gulp-rename": "^1.2.2",
      "gulp-sequence": "^0.4.6",
      "gulp-size": "^2.1.0",
      "gulp-sourcemaps": "^1.6.0",
      "gulp-uglify": "^1.5.3",
      "path": "^0.12.7"
    },
    "dependencies": {
      "chalk": "^1.1.3",
      "express": "^4.14.0"
    }
  }

yarn manifest: 
  No manifest

Lockfile: 
  No lockfile

Trace: 
  Error: connect ETIMEDOUT 104.16.61.173:443
      at Object.exports._errnoException (util.js:1022:11)
      at exports._exceptionWithHostPort (util.js:1045:20)
      at TCPConnectWrap.afterConnect [as oncomplete] (net.js:1090:14)
